2024-09-09 15:13:34 INFO  o.s.t.c.s.AnnotationConfigContextLoaderUtils - Could not detect default configuration classes for test class [com.epam.task.gymsystem.TraineeServiceTest]: TraineeServiceTest does not declare any static, non-private, non-final, nested classes annotated with @Configuration.
2024-09-09 15:13:34 INFO  o.s.b.t.c.SpringBootTestContextBootstrapper - Found @SpringBootConfiguration com.epam.task.gymsystem.GymSystemApplication for test class com.epam.task.gymsystem.TraineeServiceTest
2024-09-09 15:13:35 INFO  c.e.t.gymsystem.TraineeServiceTest - Starting TraineeServiceTest using Java 21.0.1 with PID 35256 (started by rasko in C:\Users\rasko\IdeaProjects\gym-system)
2024-09-09 15:13:35 DEBUG c.e.t.gymsystem.TraineeServiceTest - Running with Spring Boot v3.3.3, Spring v6.1.12
2024-09-09 15:13:35 INFO  c.e.t.gymsystem.TraineeServiceTest - No active profile set, falling back to 1 default profile: "default"
2024-09-09 15:13:35 INFO  c.e.t.gymsystem.TraineeServiceTest - Started TraineeServiceTest in 0.844 seconds (process running for 2.314)
2024-09-09 15:13:36 INFO  c.epam.task.gymsystem.DAO.TraineeDAO - Trainee was successfully created
2024-09-09 15:13:36 INFO  c.epam.task.gymsystem.DAO.TraineeDAO - Trainee was successfully created
2024-09-09 15:13:36 INFO  c.epam.task.gymsystem.DAO.TraineeDAO - Trainee was successfully deleted
2024-09-09 15:13:36 INFO  c.epam.task.gymsystem.DAO.TraineeDAO - Trainee was successfully created
2024-09-09 15:13:36 INFO  c.epam.task.gymsystem.DAO.TraineeDAO - Trainee was successfully updated
2024-09-09 15:13:36 INFO  o.s.t.c.s.AnnotationConfigContextLoaderUtils - Could not detect default configuration classes for test class [com.epam.task.gymsystem.TrainerServiceTest]: TrainerServiceTest does not declare any static, non-private, non-final, nested classes annotated with @Configuration.
2024-09-09 15:13:36 INFO  o.s.b.t.c.SpringBootTestContextBootstrapper - Found @SpringBootConfiguration com.epam.task.gymsystem.GymSystemApplication for test class com.epam.task.gymsystem.TrainerServiceTest
2024-09-09 15:13:36 INFO  c.epam.task.gymsystem.DAO.TrainerDAO - Trainer was successfully created
2024-09-09 15:13:36 INFO  c.epam.task.gymsystem.DAO.TrainerDAO - Trainer was successfully created
2024-09-09 15:13:36 INFO  c.epam.task.gymsystem.DAO.TrainerDAO - Trainer was successfully deleted
2024-09-09 15:13:36 INFO  c.epam.task.gymsystem.DAO.TrainerDAO - Trainer was successfully created
2024-09-09 15:13:36 INFO  c.epam.task.gymsystem.DAO.TrainerDAO - Trainer was successfully updated
2024-09-09 15:13:36 INFO  o.s.t.c.s.AnnotationConfigContextLoaderUtils - Could not detect default configuration classes for test class [com.epam.task.gymsystem.TrainingServiceTest]: TrainingServiceTest does not declare any static, non-private, non-final, nested classes annotated with @Configuration.
2024-09-09 15:13:36 INFO  o.s.b.t.c.SpringBootTestContextBootstrapper - Found @SpringBootConfiguration com.epam.task.gymsystem.GymSystemApplication for test class com.epam.task.gymsystem.TrainingServiceTest
2024-09-09 15:13:36 INFO  c.e.task.gymsystem.DAO.TrainingDAO - Training was successfully created
2024-09-09 15:14:43 INFO  o.s.t.c.s.AnnotationConfigContextLoaderUtils - Could not detect default configuration classes for test class [com.epam.task.gymsystem.TraineeServiceTest]: TraineeServiceTest does not declare any static, non-private, non-final, nested classes annotated with @Configuration.
2024-09-09 15:14:43 INFO  o.s.b.t.c.SpringBootTestContextBootstrapper - Found @SpringBootConfiguration com.epam.task.gymsystem.GymSystemApplication for test class com.epam.task.gymsystem.TraineeServiceTest
2024-09-09 15:14:44 INFO  c.e.t.gymsystem.TraineeServiceTest - Starting TraineeServiceTest using Java 22.0.1 with PID 24700 (started by rasko in C:\Users\rasko\IdeaProjects\gym-system)
2024-09-09 15:14:44 DEBUG c.e.t.gymsystem.TraineeServiceTest - Running with Spring Boot v3.3.3, Spring v6.1.12
2024-09-09 15:14:44 INFO  c.e.t.gymsystem.TraineeServiceTest - No active profile set, falling back to 1 default profile: "default"
2024-09-09 15:14:45 INFO  c.e.t.gymsystem.TraineeServiceTest - Started TraineeServiceTest in 1.167 seconds (process running for 2.946)
2024-09-09 15:14:46 INFO  c.epam.task.gymsystem.DAO.TraineeDAO - Trainee was successfully created
2024-09-09 15:14:46 INFO  c.epam.task.gymsystem.DAO.TraineeDAO - Trainee was successfully created
2024-09-09 15:14:46 INFO  c.epam.task.gymsystem.DAO.TraineeDAO - Trainee was successfully deleted
2024-09-09 15:14:46 INFO  c.epam.task.gymsystem.DAO.TraineeDAO - Trainee was successfully created
2024-09-09 15:14:46 INFO  c.epam.task.gymsystem.DAO.TraineeDAO - Trainee was successfully updated
2024-09-09 15:14:46 INFO  o.s.t.c.s.AnnotationConfigContextLoaderUtils - Could not detect default configuration classes for test class [com.epam.task.gymsystem.TrainerServiceTest]: TrainerServiceTest does not declare any static, non-private, non-final, nested classes annotated with @Configuration.
2024-09-09 15:14:46 INFO  o.s.b.t.c.SpringBootTestContextBootstrapper - Found @SpringBootConfiguration com.epam.task.gymsystem.GymSystemApplication for test class com.epam.task.gymsystem.TrainerServiceTest
2024-09-09 15:14:46 INFO  c.epam.task.gymsystem.DAO.TrainerDAO - Trainer was successfully created
2024-09-09 15:14:46 INFO  c.epam.task.gymsystem.DAO.TrainerDAO - Trainer was successfully created
2024-09-09 15:14:46 INFO  c.epam.task.gymsystem.DAO.TrainerDAO - Trainer was successfully deleted
2024-09-09 15:14:46 INFO  c.epam.task.gymsystem.DAO.TrainerDAO - Trainer was successfully created
2024-09-09 15:14:46 INFO  c.epam.task.gymsystem.DAO.TrainerDAO - Trainer was successfully updated
2024-09-09 15:14:46 INFO  o.s.t.c.s.AnnotationConfigContextLoaderUtils - Could not detect default configuration classes for test class [com.epam.task.gymsystem.TrainingServiceTest]: TrainingServiceTest does not declare any static, non-private, non-final, nested classes annotated with @Configuration.
2024-09-09 15:14:46 INFO  o.s.b.t.c.SpringBootTestContextBootstrapper - Found @SpringBootConfiguration com.epam.task.gymsystem.GymSystemApplication for test class com.epam.task.gymsystem.TrainingServiceTest
2024-09-09 15:14:46 INFO  c.e.task.gymsystem.DAO.TrainingDAO - Training was successfully created
